2023-09-09T00:04:48.923+08:00  INFO 21868 --- [main] c.s.i.service.ImageProcessServiceTest    : Starting ImageProcessServiceTest using Java 17.0.8 with PID 21868 (started by sdww in C:\Users\sdww\Documents\projects\image)
2023-09-09T00:04:48.925+08:00  INFO 21868 --- [main] c.s.i.service.ImageProcessServiceTest    : No active profile set, falling back to 1 default profile: "default"
2023-09-09T00:04:49.702+08:00  INFO 21868 --- [main] c.s.image.service.ImageProcessService    : 开始初始化图形特征抽取模型
2023-09-09T00:04:49.713+08:00  INFO 21868 --- [main] org.deeplearning4j.zoo.ZooModel          : Using cached model at C:\Users\sdww\.deeplearning4j\models\resnet50\resnet50_dl4j_inference.v3.zip
2023-09-09T00:04:49.713+08:00  INFO 21868 --- [main] org.deeplearning4j.zoo.ZooModel          : Verifying download...
2023-09-09T00:04:49.792+08:00  INFO 21868 --- [main] org.deeplearning4j.zoo.ZooModel          : Checksum local is 3914447815, expecting 3914447815
2023-09-09T00:04:50.943+08:00  INFO 21868 --- [main] org.nd4j.linalg.factory.Nd4jBackend      : Loaded [CpuBackend] backend
2023-09-09T00:04:51.850+08:00  INFO 21868 --- [main] org.nd4j.nativeblas.NativeOpsHolder      : Number of threads used for linear algebra: 6
2023-09-09T00:04:51.852+08:00  INFO 21868 --- [main] o.n.l.cpu.nativecpu.CpuNDArrayFactory    : Binary level Generic x86 optimization level AVX/AVX2
2023-09-09T00:04:51.883+08:00  INFO 21868 --- [main] org.nd4j.nativeblas.Nd4jBlas             : Number of threads used for OpenMP BLAS: 6
2023-09-09T00:04:51.902+08:00  INFO 21868 --- [main] o.n.l.a.o.e.DefaultOpExecutioner         : Backend used: [CPU]; OS: [Windows 11]
2023-09-09T00:04:51.902+08:00  INFO 21868 --- [main] o.n.l.a.o.e.DefaultOpExecutioner         : Cores: [12]; Memory: [7.9GB];
2023-09-09T00:04:51.902+08:00  INFO 21868 --- [main] o.n.l.a.o.e.DefaultOpExecutioner         : Blas vendor: [OPENBLAS]
2023-09-09T00:04:51.906+08:00  INFO 21868 --- [main] o.nd4j.linalg.cpu.nativecpu.CpuBackend   : Backend build information:
 GCC: "12.1.0"
STD version: 201103L
DEFAULT_ENGINE: samediff::ENGINE_CPU
HAVE_FLATBUFFERS
HAVE_OPENBLAS
2023-09-09T00:04:52.811+08:00  INFO 21868 --- [main] o.d.nn.graph.ComputationGraph            : Starting ComputationGraph with WorkspaceModes set to [training: ENABLED; inference: ENABLED], cacheMode set to [NONE]
2023-09-09T00:04:52.875+08:00  INFO 21868 --- [main] c.s.image.service.ImageProcessService    : 模型加载成功
2023-09-09T00:04:52.875+08:00  INFO 21868 --- [main] c.s.image.service.ImageProcessService    : 向量名赋值成功
2023-09-09T00:04:53.363+08:00  INFO 21868 --- [pool-2-thread-1] c.sdww8591.image.service.MilvusService   : milvus client inited!
2023-09-09T00:04:53.444+08:00  INFO 21868 --- [main] c.s.i.service.ImageProcessServiceTest    : Started ImageProcessServiceTest in 4.845 seconds (process running for 6.08)
2023-09-09T00:04:54.190+08:00  INFO 21868 --- [main] c.s.image.service.ImageProcessService    : 开始进行图片特征抽取:C:\Users\sdww\IdeaProjects\milvus\IMG_20220410_174509_1.jpg
2023-09-09T00:04:55.563+08:00  INFO 21868 --- [main] c.s.image.service.ImageProcessService    : 图片特征抽取成功
2023-09-09T00:34:13.598+08:00  INFO 36472 --- [main] c.s.i.application.ImageApplicationTest   : Starting ImageApplicationTest using Java 17.0.8 with PID 36472 (started by sdww in C:\Users\sdww\Documents\projects\image)
2023-09-09T00:34:13.600+08:00  INFO 36472 --- [main] c.s.i.application.ImageApplicationTest   : No active profile set, falling back to 1 default profile: "default"
2023-09-09T00:34:14.360+08:00  INFO 36472 --- [main] c.s.image.service.ImageProcessService    : 开始初始化图形特征抽取模型
2023-09-09T00:34:14.371+08:00  INFO 36472 --- [main] org.deeplearning4j.zoo.ZooModel          : Using cached model at C:\Users\sdww\.deeplearning4j\models\resnet50\resnet50_dl4j_inference.v3.zip
2023-09-09T00:34:14.372+08:00  INFO 36472 --- [main] org.deeplearning4j.zoo.ZooModel          : Verifying download...
2023-09-09T00:34:14.451+08:00  INFO 36472 --- [main] org.deeplearning4j.zoo.ZooModel          : Checksum local is 3914447815, expecting 3914447815
2023-09-09T00:34:15.525+08:00  INFO 36472 --- [main] org.nd4j.linalg.factory.Nd4jBackend      : Loaded [CpuBackend] backend
2023-09-09T00:34:16.436+08:00  INFO 36472 --- [main] org.nd4j.nativeblas.NativeOpsHolder      : Number of threads used for linear algebra: 6
2023-09-09T00:34:16.438+08:00  INFO 36472 --- [main] o.n.l.cpu.nativecpu.CpuNDArrayFactory    : Binary level Generic x86 optimization level AVX/AVX2
2023-09-09T00:34:16.465+08:00  INFO 36472 --- [main] org.nd4j.nativeblas.Nd4jBlas             : Number of threads used for OpenMP BLAS: 6
2023-09-09T00:34:16.489+08:00  INFO 36472 --- [main] o.n.l.a.o.e.DefaultOpExecutioner         : Backend used: [CPU]; OS: [Windows 11]
2023-09-09T00:34:16.489+08:00  INFO 36472 --- [main] o.n.l.a.o.e.DefaultOpExecutioner         : Cores: [12]; Memory: [7.9GB];
2023-09-09T00:34:16.489+08:00  INFO 36472 --- [main] o.n.l.a.o.e.DefaultOpExecutioner         : Blas vendor: [OPENBLAS]
2023-09-09T00:34:16.493+08:00  INFO 36472 --- [main] o.nd4j.linalg.cpu.nativecpu.CpuBackend   : Backend build information:
 GCC: "12.1.0"
STD version: 201103L
DEFAULT_ENGINE: samediff::ENGINE_CPU
HAVE_FLATBUFFERS
HAVE_OPENBLAS
2023-09-09T00:34:17.415+08:00  INFO 36472 --- [main] o.d.nn.graph.ComputationGraph            : Starting ComputationGraph with WorkspaceModes set to [training: ENABLED; inference: ENABLED], cacheMode set to [NONE]
2023-09-09T00:34:17.488+08:00  INFO 36472 --- [main] c.s.image.service.ImageProcessService    : 模型加载成功
2023-09-09T00:34:17.488+08:00  INFO 36472 --- [main] c.s.image.service.ImageProcessService    : 向量名赋值成功
2023-09-09T00:34:17.495+08:00  INFO 36472 --- [pool-2-thread-1] c.sdww8591.image.service.MilvusService   : 检查milvus连接状态...
2023-09-09T00:34:17.989+08:00  INFO 36472 --- [pool-2-thread-1] c.sdww8591.image.service.MilvusService   : milvus client inited!
2023-09-09T00:34:17.989+08:00  INFO 36472 --- [pool-2-thread-1] c.sdww8591.image.service.MilvusService   : milvus连接状态检查完成
2023-09-09T00:34:18.078+08:00  INFO 36472 --- [main] c.s.i.application.ImageApplicationTest   : Started ImageApplicationTest in 4.812 seconds (process running for 5.979)
2023-09-09T00:34:18.830+08:00  INFO 36472 --- [main] com.sdww8591.image.util.FileUtils        : 开始计算文件MD5值:IMG_20220410_174509_1.jpg
2023-09-09T00:34:18.864+08:00  INFO 36472 --- [main] com.sdww8591.image.util.FileUtils        : 文件MD5值计算完成
2023-09-09T00:34:18.864+08:00  INFO 36472 --- [main] c.s.image.service.ImageProcessService    : 开始进行图片特征抽取
2023-09-09T00:34:20.081+08:00  INFO 36472 --- [main] c.s.image.service.ImageProcessService    : 图片特征抽取成功
2023-09-09T00:34:20.087+08:00  INFO 36472 --- [main] i.m.client.AbstractMilvusGrpcClient      : InsertParam{collectionName='yangyang', partitionName='', rowCount=1, columnFields+[Field{fieldName='name', row_count=1}, Field{fieldName='path', row_count=1}, Field{fieldName='vector', row_count=1}]}
2023-09-09T00:34:20.088+08:00  INFO 36472 --- [main] i.m.client.AbstractMilvusGrpcClient      : DescribeCollectionParam(databaseName=null, collectionName=yangyang)
2023-09-09T00:34:45.748+08:00  INFO 36472 --- [main] c.sdww8591.image.service.MilvusService   : 插入图片成功！ id：int_id {
  data: 444119500244957017
}

2023-09-09T22:21:35.959+08:00  INFO 26394 --- [main] c.s.i.application.ImageApplicationTest   : Starting ImageApplicationTest using Java 17.0.8 with PID 26394 (started by sdww in /Users/sdww/IdeaProjects/image)
2023-09-09T22:21:35.961+08:00  INFO 26394 --- [main] c.s.i.application.ImageApplicationTest   : No active profile set, falling back to 1 default profile: "default"
2023-09-09T22:21:36.857+08:00  INFO 26394 --- [main] c.s.image.service.ImageProcessService    : 开始初始化图形特征抽取模型
2023-09-09T22:21:36.883+08:00  INFO 26394 --- [main] org.deeplearning4j.zoo.ZooModel          : Using cached model at /Users/sdww/.deeplearning4j/models/resnet50/resnet50_dl4j_inference.v3.zip
2023-09-09T22:21:36.884+08:00  INFO 26394 --- [main] org.deeplearning4j.zoo.ZooModel          : Verifying download...
2023-09-09T22:21:36.989+08:00  INFO 26394 --- [main] org.deeplearning4j.zoo.ZooModel          : Checksum local is 3914447815, expecting 3914447815
2023-09-09T22:21:38.530+08:00  INFO 26394 --- [main] org.nd4j.linalg.factory.Nd4jBackend      : Loaded [CpuBackend] backend
2023-09-09T22:21:39.729+08:00  INFO 26394 --- [main] org.nd4j.nativeblas.NativeOpsHolder      : Number of threads used for linear algebra: 1
2023-09-09T22:21:39.732+08:00  INFO 26394 --- [main] o.n.l.cpu.nativecpu.CpuNDArrayFactory    : Binary level Generic x86 optimization level AVX/AVX2
2023-09-09T22:21:39.807+08:00  INFO 26394 --- [main] org.nd4j.nativeblas.Nd4jBlas             : Number of threads used for OpenMP BLAS: 6
2023-09-09T22:21:39.859+08:00  INFO 26394 --- [main] o.n.l.a.o.e.DefaultOpExecutioner         : Backend used: [CPU]; OS: [Mac OS X]
2023-09-09T22:21:39.860+08:00  INFO 26394 --- [main] o.n.l.a.o.e.DefaultOpExecutioner         : Cores: [12]; Memory: [4.0GB];
2023-09-09T22:21:39.860+08:00  INFO 26394 --- [main] o.n.l.a.o.e.DefaultOpExecutioner         : Blas vendor: [OPENBLAS]
2023-09-09T22:21:39.866+08:00  INFO 26394 --- [main] o.nd4j.linalg.cpu.nativecpu.CpuBackend   : Backend build information:
 Clang: "12.0.0 (clang-1200.0.32.29)"
STD version: 201103L
DEFAULT_ENGINE: samediff::ENGINE_CPU
HAVE_FLATBUFFERS
HAVE_OPENBLAS
2023-09-09T22:21:43.460+08:00  INFO 26394 --- [main] o.d.nn.graph.ComputationGraph            : Starting ComputationGraph with WorkspaceModes set to [training: ENABLED; inference: ENABLED], cacheMode set to [NONE]
2023-09-09T22:21:43.561+08:00  INFO 26394 --- [main] c.s.image.service.ImageProcessService    : 模型加载成功
2023-09-09T22:21:43.561+08:00  INFO 26394 --- [main] c.s.image.service.ImageProcessService    : 向量名赋值成功
2023-09-09T22:21:43.571+08:00  INFO 26394 --- [pool-2-thread-1] c.sdww8591.image.service.MilvusService   : 检查milvus连接状态...
2023-09-09T22:21:43.910+08:00  INFO 26394 --- [pool-2-thread-1] c.sdww8591.image.service.MilvusService   : milvus client inited!
2023-09-09T22:21:43.910+08:00  INFO 26394 --- [pool-2-thread-1] c.sdww8591.image.service.MilvusService   : milvus连接状态检查完成
2023-09-09T22:21:44.133+08:00  INFO 26394 --- [main] c.s.i.application.ImageApplicationTest   : Started ImageApplicationTest in 8.549 seconds (process running for 10.21)
2023-09-09T22:21:45.221+08:00  INFO 26394 --- [main] c.s.image.application.ImageApplication   : 开始构建图片领域对象, 文件名:MTXX_20200419120142.jpg
2023-09-09T22:21:45.222+08:00  INFO 26394 --- [main] com.sdww8591.image.util.FileUtils        : 开始计算文件MD5值:MTXX_20200419120142.jpg
2023-09-09T22:21:45.246+08:00  INFO 26394 --- [main] com.sdww8591.image.util.FileUtils        : 文件MD5值计算完成
2023-09-09T22:21:45.247+08:00  INFO 26394 --- [main] c.s.image.service.ImageProcessService    : 开始进行图片特征抽取
2023-09-09T22:21:46.657+08:00  INFO 26394 --- [main] c.s.image.service.ImageProcessService    : 图片特征抽取成功
2023-09-09T22:21:46.662+08:00  INFO 26394 --- [main] c.s.image.application.ImageApplication   : 开始执行图片插入
2023-09-09T22:21:46.671+08:00  INFO 26394 --- [main] i.m.client.AbstractMilvusGrpcClient      : InsertParam{collectionName='yangyang', partitionName='', rowCount=1, columnFields+[Field{fieldName='name', row_count=1}, Field{fieldName='path', row_count=1}, Field{fieldName='md5', row_count=1}, Field{fieldName='vector', row_count=1}]}
2023-09-09T22:21:46.673+08:00  INFO 26394 --- [main] i.m.client.AbstractMilvusGrpcClient      : DescribeCollectionParam(databaseName=null, collectionName=yangyang)
2023-09-09T22:21:47.306+08:00  INFO 26394 --- [main] c.sdww8591.image.service.MilvusService   : 插入图片成功！ id：int_id {
  data: 444137383950844245
}

2023-09-09T22:21:47.307+08:00  INFO 26394 --- [main] c.s.image.application.ImageApplication   : 完成图片插入
2023-09-09T22:21:47.307+08:00  INFO 26394 --- [main] c.s.image.application.ImageApplication   : 开始构建图片领域对象, 文件名:yoka_20200418193256.jpg
2023-09-09T22:21:47.307+08:00  INFO 26394 --- [main] com.sdww8591.image.util.FileUtils        : 开始计算文件MD5值:yoka_20200418193256.jpg
2023-09-09T22:21:47.318+08:00  INFO 26394 --- [main] com.sdww8591.image.util.FileUtils        : 文件MD5值计算完成
2023-09-09T22:21:47.319+08:00  INFO 26394 --- [main] c.s.image.service.ImageProcessService    : 开始进行图片特征抽取
2023-09-09T22:21:48.083+08:00  INFO 26394 --- [main] c.s.image.service.ImageProcessService    : 图片特征抽取成功
2023-09-09T22:21:48.084+08:00  INFO 26394 --- [main] c.s.image.application.ImageApplication   : 开始执行图片插入
2023-09-09T22:21:48.084+08:00  INFO 26394 --- [main] i.m.client.AbstractMilvusGrpcClient      : InsertParam{collectionName='yangyang', partitionName='', rowCount=1, columnFields+[Field{fieldName='name', row_count=1}, Field{fieldName='path', row_count=1}, Field{fieldName='md5', row_count=1}, Field{fieldName='vector', row_count=1}]}
2023-09-09T22:21:48.084+08:00  INFO 26394 --- [main] i.m.client.AbstractMilvusGrpcClient      : DescribeCollectionParam(databaseName=null, collectionName=yangyang)
2023-09-09T22:21:48.102+08:00  INFO 26394 --- [main] c.sdww8591.image.service.MilvusService   : 插入图片成功！ id：int_id {
  data: 444137383950844247
}

2023-09-09T22:21:48.102+08:00  INFO 26394 --- [main] c.s.image.application.ImageApplication   : 完成图片插入
2023-09-09T22:21:48.102+08:00  INFO 26394 --- [main] c.s.image.application.ImageApplication   : 开始构建图片领域对象, 文件名:yoka_20200418193252.jpg
2023-09-09T22:21:48.103+08:00  INFO 26394 --- [main] com.sdww8591.image.util.FileUtils        : 开始计算文件MD5值:yoka_20200418193252.jpg
2023-09-09T22:21:48.109+08:00  INFO 26394 --- [main] com.sdww8591.image.util.FileUtils        : 文件MD5值计算完成
2023-09-09T22:21:48.109+08:00  INFO 26394 --- [main] c.s.image.service.ImageProcessService    : 开始进行图片特征抽取
2023-09-09T22:21:48.762+08:00  INFO 26394 --- [main] c.s.image.service.ImageProcessService    : 图片特征抽取成功
2023-09-09T22:21:48.762+08:00  INFO 26394 --- [main] c.s.image.application.ImageApplication   : 开始执行图片插入
2023-09-09T22:21:48.763+08:00  INFO 26394 --- [main] i.m.client.AbstractMilvusGrpcClient      : InsertParam{collectionName='yangyang', partitionName='', rowCount=1, columnFields+[Field{fieldName='name', row_count=1}, Field{fieldName='path', row_count=1}, Field{fieldName='md5', row_count=1}, Field{fieldName='vector', row_count=1}]}
2023-09-09T22:21:48.763+08:00  INFO 26394 --- [main] i.m.client.AbstractMilvusGrpcClient      : DescribeCollectionParam(databaseName=null, collectionName=yangyang)
2023-09-09T22:21:48.783+08:00  INFO 26394 --- [main] c.sdww8591.image.service.MilvusService   : 插入图片成功！ id：int_id {
  data: 444137383950844249
}

2023-09-09T22:21:48.784+08:00  INFO 26394 --- [main] c.s.image.application.ImageApplication   : 完成图片插入
2023-09-09T22:21:48.784+08:00  INFO 26394 --- [main] c.s.image.application.ImageApplication   : 开始构建图片领域对象, 文件名:yoka_20200418193250.jpg
2023-09-09T22:21:48.784+08:00  INFO 26394 --- [main] com.sdww8591.image.util.FileUtils        : 开始计算文件MD5值:yoka_20200418193250.jpg
2023-09-09T22:21:48.790+08:00  INFO 26394 --- [main] com.sdww8591.image.util.FileUtils        : 文件MD5值计算完成
2023-09-09T22:21:48.791+08:00  INFO 26394 --- [main] c.s.image.service.ImageProcessService    : 开始进行图片特征抽取
2023-09-09T22:21:49.511+08:00  INFO 26394 --- [main] c.s.image.service.ImageProcessService    : 图片特征抽取成功
2023-09-09T22:21:49.513+08:00  INFO 26394 --- [main] c.s.image.application.ImageApplication   : 开始执行图片插入
2023-09-09T22:21:49.513+08:00  INFO 26394 --- [main] i.m.client.AbstractMilvusGrpcClient      : InsertParam{collectionName='yangyang', partitionName='', rowCount=1, columnFields+[Field{fieldName='name', row_count=1}, Field{fieldName='path', row_count=1}, Field{fieldName='md5', row_count=1}, Field{fieldName='vector', row_count=1}]}
2023-09-09T22:21:49.513+08:00  INFO 26394 --- [main] i.m.client.AbstractMilvusGrpcClient      : DescribeCollectionParam(databaseName=null, collectionName=yangyang)
2023-09-09T22:21:49.530+08:00  INFO 26394 --- [main] c.sdww8591.image.service.MilvusService   : 插入图片成功！ id：int_id {
  data: 444137383950844251
}

2023-09-09T22:21:49.530+08:00  INFO 26394 --- [main] c.s.image.application.ImageApplication   : 完成图片插入
2023-09-09T22:21:49.530+08:00  INFO 26394 --- [main] c.s.image.application.ImageApplication   : 开始构建图片领域对象, 文件名:yoka_20200419110411.jpg
2023-09-09T22:21:49.531+08:00  INFO 26394 --- [main] com.sdww8591.image.util.FileUtils        : 开始计算文件MD5值:yoka_20200419110411.jpg
2023-09-09T22:21:49.534+08:00  INFO 26394 --- [main] com.sdww8591.image.util.FileUtils        : 文件MD5值计算完成
2023-09-09T22:21:49.534+08:00  INFO 26394 --- [main] c.s.image.service.ImageProcessService    : 开始进行图片特征抽取
2023-09-09T22:21:50.228+08:00  INFO 26394 --- [main] c.s.image.service.ImageProcessService    : 图片特征抽取成功
2023-09-09T22:21:50.229+08:00  INFO 26394 --- [main] c.s.image.application.ImageApplication   : 开始执行图片插入
2023-09-09T22:21:50.229+08:00  INFO 26394 --- [main] i.m.client.AbstractMilvusGrpcClient      : InsertParam{collectionName='yangyang', partitionName='', rowCount=1, columnFields+[Field{fieldName='name', row_count=1}, Field{fieldName='path', row_count=1}, Field{fieldName='md5', row_count=1}, Field{fieldName='vector', row_count=1}]}
2023-09-09T22:21:50.229+08:00  INFO 26394 --- [main] i.m.client.AbstractMilvusGrpcClient      : DescribeCollectionParam(databaseName=null, collectionName=yangyang)
2023-09-09T22:21:50.247+08:00  INFO 26394 --- [main] c.sdww8591.image.service.MilvusService   : 插入图片成功！ id：int_id {
  data: 444137383950844253
}

2023-09-09T22:21:50.247+08:00  INFO 26394 --- [main] c.s.image.application.ImageApplication   : 完成图片插入
2023-09-09T22:21:50.247+08:00  INFO 26394 --- [main] c.s.image.application.ImageApplication   : 开始构建图片领域对象, 文件名:MTXX_20200419105005.jpg
2023-09-09T22:21:50.248+08:00  INFO 26394 --- [main] com.sdww8591.image.util.FileUtils        : 开始计算文件MD5值:MTXX_20200419105005.jpg
2023-09-09T22:21:50.253+08:00  INFO 26394 --- [main] com.sdww8591.image.util.FileUtils        : 文件MD5值计算完成
2023-09-09T22:21:50.254+08:00  INFO 26394 --- [main] c.s.image.service.ImageProcessService    : 开始进行图片特征抽取
2023-09-09T22:21:50.848+08:00  INFO 26394 --- [main] c.s.image.service.ImageProcessService    : 图片特征抽取成功
2023-09-09T22:21:50.848+08:00  INFO 26394 --- [main] c.s.image.application.ImageApplication   : 开始执行图片插入
2023-09-09T22:21:50.848+08:00  INFO 26394 --- [main] i.m.client.AbstractMilvusGrpcClient      : InsertParam{collectionName='yangyang', partitionName='', rowCount=1, columnFields+[Field{fieldName='name', row_count=1}, Field{fieldName='path', row_count=1}, Field{fieldName='md5', row_count=1}, Field{fieldName='vector', row_count=1}]}
2023-09-09T22:21:50.848+08:00  INFO 26394 --- [main] i.m.client.AbstractMilvusGrpcClient      : DescribeCollectionParam(databaseName=null, collectionName=yangyang)
2023-09-09T22:21:50.866+08:00  INFO 26394 --- [main] c.sdww8591.image.service.MilvusService   : 插入图片成功！ id：int_id {
  data: 444137383950844255
}

2023-09-09T22:21:50.867+08:00  INFO 26394 --- [main] c.s.image.application.ImageApplication   : 完成图片插入
2023-09-09T22:21:50.867+08:00  INFO 26394 --- [main] c.s.image.application.ImageApplication   : 开始构建图片领域对象, 文件名:yoka_20200419110428.jpg
2023-09-09T22:21:50.867+08:00  INFO 26394 --- [main] com.sdww8591.image.util.FileUtils        : 开始计算文件MD5值:yoka_20200419110428.jpg
2023-09-09T22:21:50.871+08:00  INFO 26394 --- [main] com.sdww8591.image.util.FileUtils        : 文件MD5值计算完成
2023-09-09T22:21:50.871+08:00  INFO 26394 --- [main] c.s.image.service.ImageProcessService    : 开始进行图片特征抽取
2023-09-09T22:21:51.539+08:00  INFO 26394 --- [main] c.s.image.service.ImageProcessService    : 图片特征抽取成功
2023-09-09T22:21:51.539+08:00  INFO 26394 --- [main] c.s.image.application.ImageApplication   : 开始执行图片插入
2023-09-09T22:21:51.539+08:00  INFO 26394 --- [main] i.m.client.AbstractMilvusGrpcClient      : InsertParam{collectionName='yangyang', partitionName='', rowCount=1, columnFields+[Field{fieldName='name', row_count=1}, Field{fieldName='path', row_count=1}, Field{fieldName='md5', row_count=1}, Field{fieldName='vector', row_count=1}]}
2023-09-09T22:21:51.539+08:00  INFO 26394 --- [main] i.m.client.AbstractMilvusGrpcClient      : DescribeCollectionParam(databaseName=null, collectionName=yangyang)
2023-09-09T22:21:51.558+08:00  INFO 26394 --- [main] c.sdww8591.image.service.MilvusService   : 插入图片成功！ id：int_id {
  data: 444137383950844257
}

2023-09-09T22:21:51.559+08:00  INFO 26394 --- [main] c.s.image.application.ImageApplication   : 完成图片插入
2023-09-09T22:21:51.559+08:00  INFO 26394 --- [main] c.s.image.application.ImageApplication   : 开始构建图片领域对象, 文件名:MTXX_20200419105211.jpg
2023-09-09T22:21:51.559+08:00  INFO 26394 --- [main] com.sdww8591.image.util.FileUtils        : 开始计算文件MD5值:MTXX_20200419105211.jpg
2023-09-09T22:21:51.565+08:00  INFO 26394 --- [main] com.sdww8591.image.util.FileUtils        : 文件MD5值计算完成
2023-09-09T22:21:51.565+08:00  INFO 26394 --- [main] c.s.image.service.ImageProcessService    : 开始进行图片特征抽取
2023-09-09T22:21:52.303+08:00  INFO 26394 --- [main] c.s.image.service.ImageProcessService    : 图片特征抽取成功
2023-09-09T22:21:52.304+08:00  INFO 26394 --- [main] c.s.image.application.ImageApplication   : 开始执行图片插入
2023-09-09T22:21:52.304+08:00  INFO 26394 --- [main] i.m.client.AbstractMilvusGrpcClient      : InsertParam{collectionName='yangyang', partitionName='', rowCount=1, columnFields+[Field{fieldName='name', row_count=1}, Field{fieldName='path', row_count=1}, Field{fieldName='md5', row_count=1}, Field{fieldName='vector', row_count=1}]}
2023-09-09T22:21:52.304+08:00  INFO 26394 --- [main] i.m.client.AbstractMilvusGrpcClient      : DescribeCollectionParam(databaseName=null, collectionName=yangyang)
2023-09-09T22:21:52.321+08:00  INFO 26394 --- [main] c.sdww8591.image.service.MilvusService   : 插入图片成功！ id：int_id {
  data: 444137383950844259
}

2023-09-09T22:21:52.321+08:00  INFO 26394 --- [main] c.s.image.application.ImageApplication   : 完成图片插入
2023-09-09T22:21:52.321+08:00  INFO 26394 --- [main] c.s.image.application.ImageApplication   : 开始构建图片领域对象, 文件名:yoka_20200419110342.jpg
2023-09-09T22:21:52.321+08:00  INFO 26394 --- [main] com.sdww8591.image.util.FileUtils        : 开始计算文件MD5值:yoka_20200419110342.jpg
2023-09-09T22:21:52.326+08:00  INFO 26394 --- [main] com.sdww8591.image.util.FileUtils        : 文件MD5值计算完成
2023-09-09T22:21:52.326+08:00  INFO 26394 --- [main] c.s.image.service.ImageProcessService    : 开始进行图片特征抽取
2023-09-09T22:21:52.950+08:00  INFO 26394 --- [main] c.s.image.service.ImageProcessService    : 图片特征抽取成功
2023-09-09T22:21:52.951+08:00  INFO 26394 --- [main] c.s.image.application.ImageApplication   : 开始执行图片插入
2023-09-09T22:21:52.951+08:00  INFO 26394 --- [main] i.m.client.AbstractMilvusGrpcClient      : InsertParam{collectionName='yangyang', partitionName='', rowCount=1, columnFields+[Field{fieldName='name', row_count=1}, Field{fieldName='path', row_count=1}, Field{fieldName='md5', row_count=1}, Field{fieldName='vector', row_count=1}]}
2023-09-09T22:21:52.951+08:00  INFO 26394 --- [main] i.m.client.AbstractMilvusGrpcClient      : DescribeCollectionParam(databaseName=null, collectionName=yangyang)
2023-09-09T22:21:52.967+08:00  INFO 26394 --- [main] c.sdww8591.image.service.MilvusService   : 插入图片成功！ id：int_id {
  data: 444137383950844261
}

2023-09-09T22:21:52.967+08:00  INFO 26394 --- [main] c.s.image.application.ImageApplication   : 完成图片插入
2023-09-09T22:21:52.967+08:00  INFO 26394 --- [main] c.s.image.application.ImageApplication   : 开始构建图片领域对象, 文件名:MTXX_20200419104842.jpg
2023-09-09T22:21:52.967+08:00  INFO 26394 --- [main] com.sdww8591.image.util.FileUtils        : 开始计算文件MD5值:MTXX_20200419104842.jpg
2023-09-09T22:21:52.973+08:00  INFO 26394 --- [main] com.sdww8591.image.util.FileUtils        : 文件MD5值计算完成
2023-09-09T22:21:52.973+08:00  INFO 26394 --- [main] c.s.image.service.ImageProcessService    : 开始进行图片特征抽取
2023-09-09T22:21:53.515+08:00  INFO 26394 --- [main] c.s.image.service.ImageProcessService    : 图片特征抽取成功
2023-09-09T22:21:53.515+08:00  INFO 26394 --- [main] c.s.image.application.ImageApplication   : 开始执行图片插入
2023-09-09T22:21:53.515+08:00  INFO 26394 --- [main] i.m.client.AbstractMilvusGrpcClient      : InsertParam{collectionName='yangyang', partitionName='', rowCount=1, columnFields+[Field{fieldName='name', row_count=1}, Field{fieldName='path', row_count=1}, Field{fieldName='md5', row_count=1}, Field{fieldName='vector', row_count=1}]}
2023-09-09T22:21:53.515+08:00  INFO 26394 --- [main] i.m.client.AbstractMilvusGrpcClient      : DescribeCollectionParam(databaseName=null, collectionName=yangyang)
2023-09-09T22:21:53.531+08:00  INFO 26394 --- [main] c.sdww8591.image.service.MilvusService   : 插入图片成功！ id：int_id {
  data: 444137383950844263
}

2023-09-09T22:21:53.532+08:00  INFO 26394 --- [main] c.s.image.application.ImageApplication   : 完成图片插入
2023-09-09T22:21:53.532+08:00  INFO 26394 --- [main] c.s.image.application.ImageApplication   : 开始构建图片领域对象, 文件名:MTXX_20200419104919.jpg
2023-09-09T22:21:53.532+08:00  INFO 26394 --- [main] com.sdww8591.image.util.FileUtils        : 开始计算文件MD5值:MTXX_20200419104919.jpg
2023-09-09T22:21:53.537+08:00  INFO 26394 --- [main] com.sdww8591.image.util.FileUtils        : 文件MD5值计算完成
2023-09-09T22:21:53.538+08:00  INFO 26394 --- [main] c.s.image.service.ImageProcessService    : 开始进行图片特征抽取
2023-09-09T22:21:54.066+08:00  INFO 26394 --- [main] c.s.image.service.ImageProcessService    : 图片特征抽取成功
2023-09-09T22:21:54.066+08:00  INFO 26394 --- [main] c.s.image.application.ImageApplication   : 开始执行图片插入
2023-09-09T22:21:54.066+08:00  INFO 26394 --- [main] i.m.client.AbstractMilvusGrpcClient      : InsertParam{collectionName='yangyang', partitionName='', rowCount=1, columnFields+[Field{fieldName='name', row_count=1}, Field{fieldName='path', row_count=1}, Field{fieldName='md5', row_count=1}, Field{fieldName='vector', row_count=1}]}
2023-09-09T22:21:54.067+08:00  INFO 26394 --- [main] i.m.client.AbstractMilvusGrpcClient      : DescribeCollectionParam(databaseName=null, collectionName=yangyang)
2023-09-09T22:21:54.083+08:00  INFO 26394 --- [main] c.sdww8591.image.service.MilvusService   : 插入图片成功！ id：int_id {
  data: 444137383950844265
}

2023-09-09T22:21:54.083+08:00  INFO 26394 --- [main] c.s.image.application.ImageApplication   : 完成图片插入
2023-09-09T22:21:54.083+08:00  INFO 26394 --- [main] c.s.image.application.ImageApplication   : 开始构建图片领域对象, 文件名:MTXX_20200419105137.jpg
2023-09-09T22:21:54.084+08:00  INFO 26394 --- [main] com.sdww8591.image.util.FileUtils        : 开始计算文件MD5值:MTXX_20200419105137.jpg
2023-09-09T22:21:54.090+08:00  INFO 26394 --- [main] com.sdww8591.image.util.FileUtils        : 文件MD5值计算完成
2023-09-09T22:21:54.091+08:00  INFO 26394 --- [main] c.s.image.service.ImageProcessService    : 开始进行图片特征抽取
2023-09-09T22:21:54.628+08:00  INFO 26394 --- [main] c.s.image.service.ImageProcessService    : 图片特征抽取成功
2023-09-09T22:21:54.628+08:00  INFO 26394 --- [main] c.s.image.application.ImageApplication   : 开始执行图片插入
2023-09-09T22:21:54.628+08:00  INFO 26394 --- [main] i.m.client.AbstractMilvusGrpcClient      : InsertParam{collectionName='yangyang', partitionName='', rowCount=1, columnFields+[Field{fieldName='name', row_count=1}, Field{fieldName='path', row_count=1}, Field{fieldName='md5', row_count=1}, Field{fieldName='vector', row_count=1}]}
2023-09-09T22:21:54.628+08:00  INFO 26394 --- [main] i.m.client.AbstractMilvusGrpcClient      : DescribeCollectionParam(databaseName=null, collectionName=yangyang)
2023-09-09T22:21:54.645+08:00  INFO 26394 --- [main] c.sdww8591.image.service.MilvusService   : 插入图片成功！ id：int_id {
  data: 444137383950844267
}

2023-09-09T22:21:54.645+08:00  INFO 26394 --- [main] c.s.image.application.ImageApplication   : 完成图片插入
2023-09-09T22:21:54.645+08:00  INFO 26394 --- [main] c.s.image.application.ImageApplication   : 开始构建图片领域对象, 文件名:MTXX_20200419105043.jpg
2023-09-09T22:21:54.645+08:00  INFO 26394 --- [main] com.sdww8591.image.util.FileUtils        : 开始计算文件MD5值:MTXX_20200419105043.jpg
2023-09-09T22:21:54.651+08:00  INFO 26394 --- [main] com.sdww8591.image.util.FileUtils        : 文件MD5值计算完成
2023-09-09T22:21:54.651+08:00  INFO 26394 --- [main] c.s.image.service.ImageProcessService    : 开始进行图片特征抽取
2023-09-09T22:21:55.203+08:00  INFO 26394 --- [main] c.s.image.service.ImageProcessService    : 图片特征抽取成功
2023-09-09T22:21:55.203+08:00  INFO 26394 --- [main] c.s.image.application.ImageApplication   : 开始执行图片插入
2023-09-09T22:21:55.203+08:00  INFO 26394 --- [main] i.m.client.AbstractMilvusGrpcClient      : InsertParam{collectionName='yangyang', partitionName='', rowCount=1, columnFields+[Field{fieldName='name', row_count=1}, Field{fieldName='path', row_count=1}, Field{fieldName='md5', row_count=1}, Field{fieldName='vector', row_count=1}]}
2023-09-09T22:21:55.203+08:00  INFO 26394 --- [main] i.m.client.AbstractMilvusGrpcClient      : DescribeCollectionParam(databaseName=null, collectionName=yangyang)
2023-09-09T22:21:55.218+08:00  INFO 26394 --- [main] c.sdww8591.image.service.MilvusService   : 插入图片成功！ id：int_id {
  data: 444137383950844269
}

2023-09-09T22:21:55.219+08:00  INFO 26394 --- [main] c.s.image.application.ImageApplication   : 完成图片插入
2023-09-09T22:21:55.219+08:00  INFO 26394 --- [main] c.s.image.application.ImageApplication   : 开始构建图片领域对象, 文件名:yoka_20200419110455.jpg
2023-09-09T22:21:55.219+08:00  INFO 26394 --- [main] com.sdww8591.image.util.FileUtils        : 开始计算文件MD5值:yoka_20200419110455.jpg
2023-09-09T22:21:55.222+08:00  INFO 26394 --- [main] com.sdww8591.image.util.FileUtils        : 文件MD5值计算完成
2023-09-09T22:21:55.223+08:00  INFO 26394 --- [main] c.s.image.service.ImageProcessService    : 开始进行图片特征抽取
2023-09-09T22:21:55.875+08:00  INFO 26394 --- [main] c.s.image.service.ImageProcessService    : 图片特征抽取成功
2023-09-09T22:21:55.875+08:00  INFO 26394 --- [main] c.s.image.application.ImageApplication   : 开始执行图片插入
2023-09-09T22:21:55.876+08:00  INFO 26394 --- [main] i.m.client.AbstractMilvusGrpcClient      : InsertParam{collectionName='yangyang', partitionName='', rowCount=1, columnFields+[Field{fieldName='name', row_count=1}, Field{fieldName='path', row_count=1}, Field{fieldName='md5', row_count=1}, Field{fieldName='vector', row_count=1}]}
2023-09-09T22:21:55.876+08:00  INFO 26394 --- [main] i.m.client.AbstractMilvusGrpcClient      : DescribeCollectionParam(databaseName=null, collectionName=yangyang)
2023-09-09T22:21:55.894+08:00  INFO 26394 --- [main] c.sdww8591.image.service.MilvusService   : 插入图片成功！ id：int_id {
  data: 444137383950844271
}

2023-09-09T22:21:55.895+08:00  INFO 26394 --- [main] c.s.image.application.ImageApplication   : 完成图片插入
2023-09-09T22:21:55.895+08:00  INFO 26394 --- [main] c.s.image.application.ImageApplication   : 开始构建图片领域对象, 文件名:MTXX_20200419120158.jpg
2023-09-09T22:21:55.895+08:00  INFO 26394 --- [main] com.sdww8591.image.util.FileUtils        : 开始计算文件MD5值:MTXX_20200419120158.jpg
2023-09-09T22:21:55.901+08:00  INFO 26394 --- [main] com.sdww8591.image.util.FileUtils        : 文件MD5值计算完成
2023-09-09T22:21:55.902+08:00  INFO 26394 --- [main] c.s.image.service.ImageProcessService    : 开始进行图片特征抽取
2023-09-09T22:21:56.487+08:00  INFO 26394 --- [main] c.s.image.service.ImageProcessService    : 图片特征抽取成功
2023-09-09T22:21:56.487+08:00  INFO 26394 --- [main] c.s.image.application.ImageApplication   : 开始执行图片插入
2023-09-09T22:21:56.487+08:00  INFO 26394 --- [main] i.m.client.AbstractMilvusGrpcClient      : InsertParam{collectionName='yangyang', partitionName='', rowCount=1, columnFields+[Field{fieldName='name', row_count=1}, Field{fieldName='path', row_count=1}, Field{fieldName='md5', row_count=1}, Field{fieldName='vector', row_count=1}]}
2023-09-09T22:21:56.487+08:00  INFO 26394 --- [main] i.m.client.AbstractMilvusGrpcClient      : DescribeCollectionParam(databaseName=null, collectionName=yangyang)
2023-09-09T22:21:56.502+08:00  INFO 26394 --- [main] c.sdww8591.image.service.MilvusService   : 插入图片成功！ id：int_id {
  data: 444137383950844273
}

2023-09-09T22:21:56.502+08:00  INFO 26394 --- [main] c.s.image.application.ImageApplication   : 完成图片插入
